This is pdfTeX, Version 3.14159265-2.6-1.40.18 (MiKTeX 2.9.6350 64-bit) (preloaded format=pdflatex 2017.6.7)  1 JUL 2017 09:10
entering extended mode
**./tesi.tex
(tesi.tex
LaTeX2e <2017-04-15>
Babel <3.10> and hyphenation patterns for 75 language(s) loaded.
("C:\Program Files\MiKTeX 2.9\tex\latex\base\book.cls"
Document Class: book 2014/09/29 v1.4h Standard LaTeX document class
("C:\Program Files\MiKTeX 2.9\tex\latex\base\bk11.clo"
File: bk11.clo 2014/09/29 v1.4h Standard LaTeX file (size option)
)
\c@part=\count79
\c@chapter=\count80
\c@section=\count81
\c@subsection=\count82
\c@subsubsection=\count83
\c@paragraph=\count84
\c@subparagraph=\count85
\c@figure=\count86
\c@table=\count87
\abovecaptionskip=\skip41
\belowcaptionskip=\skip42
\bibindent=\dimen102
)
("C:\Program Files\MiKTeX 2.9\tex\latex\standalone\standalone.sty"
Package: standalone 2015/07/15 v1.2 Package to include TeX sub-files with pream
bles

("C:\Program Files\MiKTeX 2.9\tex\generic\oberdiek\ifluatex.sty"
Package: ifluatex 2016/05/16 v1.4 Provides the ifluatex switch (HO)
Package ifluatex Info: LuaTeX not detected.
)
("C:\Program Files\MiKTeX 2.9\tex\generic\oberdiek\ifpdf.sty"
Package: ifpdf 2017/03/15 v3.2 Provides the ifpdf switch
)
("C:\Program Files\MiKTeX 2.9\tex\generic\ifxetex\ifxetex.sty"
Package: ifxetex 2010/09/12 v0.6 Provides ifxetex conditional
)
("C:\Program Files\MiKTeX 2.9\tex\latex\xkeyval\xkeyval.sty"
Package: xkeyval 2014/12/03 v2.7a package option processing (HA)

("C:\Program Files\MiKTeX 2.9\tex\generic\xkeyval\xkeyval.tex"
("C:\Program Files\MiKTeX 2.9\tex\generic\xkeyval\xkvutils.tex"
\XKV@toks=\toks14
\XKV@tempa@toks=\toks15

("C:\Program Files\MiKTeX 2.9\tex\generic\xkeyval\keyval.tex"))
\XKV@depth=\count88
File: xkeyval.tex 2014/12/03 v2.7a key=value parser (HA)
))
("C:\Program Files\MiKTeX 2.9\tex\latex\currfile\currfile.sty"
Package: currfile 2015/04/23 v0.7c Provides the file path elements of the curre
nt input file

("C:\Program Files\MiKTeX 2.9\tex\latex\oberdiek\kvoptions.sty"
Package: kvoptions 2016/05/16 v3.12 Key value format for package options (HO)

("C:\Program Files\MiKTeX 2.9\tex\generic\oberdiek\ltxcmds.sty"
Package: ltxcmds 2016/05/16 v1.23 LaTeX kernel commands for general use (HO)
)
("C:\Program Files\MiKTeX 2.9\tex\generic\oberdiek\kvsetkeys.sty"
Package: kvsetkeys 2016/05/16 v1.17 Key value parser (HO)

("C:\Program Files\MiKTeX 2.9\tex\generic\oberdiek\infwarerr.sty"
Package: infwarerr 2016/05/16 v1.4 Providing info/warning/error messages (HO)
)
("C:\Program Files\MiKTeX 2.9\tex\generic\oberdiek\etexcmds.sty"
Package: etexcmds 2016/05/16 v1.6 Avoid name clashes with e-TeX commands (HO)
Package etexcmds Info: Could not find \expanded.
(etexcmds)             That can mean that you are not using pdfTeX 1.50 or
(etexcmds)             that some package has redefined \expanded.
(etexcmds)             In the latter case, load this package earlier.
)))
("C:\Program Files\MiKTeX 2.9\tex\latex\filehook\filehook.sty"
Package: filehook 2011/10/12 v0.5d Hooks for input files
)
\c@currfiledepth=\count89
)
("C:\Program Files\MiKTeX 2.9\tex\latex\gincltex\gincltex.sty"
("C:\Program Files\MiKTeX 2.9\tex\latex\svn-prov\svn-prov.sty"
Package: svn-prov 2010/04/24 v3.1862 Package Date/Version from SVN Keywords
)
Package: gincltex 2011/09/04 v0.3 Include external LaTeX files like graphics

("C:\Program Files\MiKTeX 2.9\tex\latex\adjustbox\adjustbox.sty"
Package: adjustbox 2012/05/21 v1.0 Adjusting TeX boxes (trim, clip, ...)

("C:\Program Files\MiKTeX 2.9\tex\latex\adjustbox\adjcalc.sty"
Package: adjcalc 2012/05/16 v1.1 Provides advanced setlength with multiple back
-ends (calc, etex, pgfmath)
)
("C:\Program Files\MiKTeX 2.9\tex\latex\adjustbox\trimclip.sty"
Package: trimclip 2012/05/16 v1.0 Trim and clip general TeX material

("C:\Program Files\MiKTeX 2.9\tex\latex\graphics\graphicx.sty"
Package: graphicx 2014/10/28 v1.0g Enhanced LaTeX Graphics (DPC,SPQR)

("C:\Program Files\MiKTeX 2.9\tex\latex\graphics\graphics.sty"
Package: graphics 2017/04/14 v1.1b Standard LaTeX Graphics (DPC,SPQR)

("C:\Program Files\MiKTeX 2.9\tex\latex\graphics\trig.sty"
Package: trig 2016/01/03 v1.10 sin cos tan (DPC)
)
("C:\Program Files\MiKTeX 2.9\tex\latex\graphics-cfg\graphics.cfg"
File: graphics.cfg 2016/06/04 v1.11 sample graphics configuration
)
Package graphics Info: Driver file: pdftex.def on input line 99.

("C:\Program Files\MiKTeX 2.9\tex\latex\graphics-def\pdftex.def"
File: pdftex.def 2017/01/12 v0.06k Graphics/color for pdfTeX
\Gread@gobject=\count90
))
\Gin@req@height=\dimen103
\Gin@req@width=\dimen104
)
("C:\Program Files\MiKTeX 2.9\tex\latex\collectbox\collectbox.sty"
Package: collectbox 2012/05/17 v0.4b Collect macro arguments as boxes
\collectedbox=\box26
)
\tc@llx=\dimen105
\tc@lly=\dimen106
\tc@urx=\dimen107
\tc@ury=\dimen108
Package trimclip Info: Using driver 'tc-pdftex.def'.

("C:\Program Files\MiKTeX 2.9\tex\latex\adjustbox\tc-pdftex.def"
File: tc-pdftex.def 2012/05/13 v1.0 Clipping driver for pdftex
))
\adjbox@Width=\dimen109
\adjbox@Height=\dimen110
\adjbox@Depth=\dimen111
\adjbox@Totalheight=\dimen112

("C:\Program Files\MiKTeX 2.9\tex\latex\ifoddpage\ifoddpage.sty"
Package: ifoddpage 2016/04/23 v1.1 Conditionals for odd/even page detection
\c@checkoddpage=\count91
)
("C:\Program Files\MiKTeX 2.9\tex\latex\ltxmisc\varwidth.sty"
Package: varwidth 2009/03/30 ver 0.92;  Variable-width minipages
\@vwid@box=\box27
\sift@deathcycles=\count92
\@vwid@loff=\dimen113
\@vwid@roff=\dimen114
))
\gincltex@box=\box28
)
("C:\Program Files\MiKTeX 2.9\tex\latex\filemod\filemod-expmin.sty"
Package: filemod-expmin 2011/09/19 v1.2 Get and compare file modification times
 (expandable; minimal)
))
("C:\Program Files\MiKTeX 2.9\tex\latex\blindtext\blindtext.sty"
Package: blindtext 2012/01/06 V2.0 blindtext-Package

("C:\Program Files\MiKTeX 2.9\tex\latex\tools\xspace.sty"
Package: xspace 2014/10/28 v1.13 Space after command names (DPC,MH)
)
\c@blindtext=\count93
\c@Blindtext=\count94
\c@blind@countparstart=\count95
\blind@countxx=\count96
\blindtext@numBlindtext=\count97
\blind@countyy=\count98
\c@blindlist=\count99
\c@blindlistlevel=\count100
\c@blindlist@level=\count101
\blind@listitem=\count102
\c@blind@listcount=\count103
\c@blind@levelcount=\count104
\blind@mathformula=\count105
\blind@Mathformula=\count106
\c@blind@randomcount=\count107
\c@blind@randommax=\count108
\c@blind@pangramcount=\count109
\c@blind@pangrammax=\count110
)
("C:\Program Files\MiKTeX 2.9\tex\latex\quotchap\quotchap.sty"
Package: quotchap 2012/10/20 v1.1 Decorative Chapter Headings with Quotes

("C:\Program Files\MiKTeX 2.9\tex\latex\graphics\color.sty"
Package: color 2016/07/10 v1.1e Standard LaTeX Color (DPC)

("C:\Program Files\MiKTeX 2.9\tex\latex\graphics-cfg\color.cfg"
File: color.cfg 2016/01/02 v1.6 sample color configuration
)
Package color Info: Driver file: pdftex.def on input line 147.
)
\@quotebox=\box29
)
("C:\Program Files\MiKTeX 2.9\tex\latex\geometry\geometry.sty"
Package: geometry 2010/09/12 v5.6 Page Geometry

("C:\Program Files\MiKTeX 2.9\tex\generic\oberdiek\ifvtex.sty"
Package: ifvtex 2016/05/16 v1.6 Detect VTeX and its facilities (HO)
Package ifvtex Info: VTeX not detected.
)
\Gm@cnth=\count111
\Gm@cntv=\count112
\c@Gm@tempcnt=\count113
\Gm@bindingoffset=\dimen115
\Gm@wd@mp=\dimen116
\Gm@odd@mp=\dimen117
\Gm@even@mp=\dimen118
\Gm@layoutwidth=\dimen119
\Gm@layoutheight=\dimen120
\Gm@layouthoffset=\dimen121
\Gm@layoutvoffset=\dimen122
\Gm@dimlist=\toks16

("C:\Program Files\MiKTeX 2.9\tex\latex\geometry\geometry.cfg"))
("C:\Program Files\MiKTeX 2.9\tex\latex\hyphenat\hyphenat.sty"
Package: hyphenat 2009/09/02 v2.3c hyphenation utilities
\langwohyphens=\language76
LaTeX Info: Redefining \_ on input line 43.
)
("C:\Program Files\MiKTeX 2.9\tex\latex\fancyhdr\fancyhdr.sty"
Package: fancyhdr 2016/10/11 v3.9 Extensive control of page headers and footers

\f@nch@headwidth=\skip43
\f@nch@O@elh=\skip44
\f@nch@O@erh=\skip45
\f@nch@O@olh=\skip46
\f@nch@O@orh=\skip47
\f@nch@O@elf=\skip48
\f@nch@O@erf=\skip49
\f@nch@O@olf=\skip50
\f@nch@O@orf=\skip51
)
("C:\Program Files\MiKTeX 2.9\tex\latex\tocbibind\tocbibind.sty"
Package: tocbibind 2010/10/13 v1.5k extra ToC listings
Package tocbibind Info: The document has chapter divisions on input line 50.


Package tocbibind Note: Using chapter style headings, unless overridden.

) ("C:\Program Files\MiKTeX 2.9\tex\latex\hyperref\hyperref.sty"
Package: hyperref 2017/03/14 v6.85a Hypertext links for LaTeX

("C:\Program Files\MiKTeX 2.9\tex\generic\oberdiek\hobsub-hyperref.sty"
Package: hobsub-hyperref 2016/05/16 v1.14 Bundle oberdiek, subset hyperref (HO)


("C:\Program Files\MiKTeX 2.9\tex\generic\oberdiek\hobsub-generic.sty"
Package: hobsub-generic 2016/05/16 v1.14 Bundle oberdiek, subset generic (HO)
Package: hobsub 2016/05/16 v1.14 Construct package bundles (HO)
Package hobsub Info: Skipping package `infwarerr' (already loaded).
Package hobsub Info: Skipping package `ltxcmds' (already loaded).
Package hobsub Info: Skipping package `ifluatex' (already loaded).
Package hobsub Info: Skipping package `ifvtex' (already loaded).
Package: intcalc 2016/05/16 v1.2 Expandable calculations with integers (HO)
Package hobsub Info: Skipping package `ifpdf' (already loaded).
Package hobsub Info: Skipping package `etexcmds' (already loaded).
Package hobsub Info: Skipping package `kvsetkeys' (already loaded).
Package: kvdefinekeys 2016/05/16 v1.4 Define keys (HO)
Package: pdftexcmds 2017/03/19 v0.25 Utility functions of pdfTeX for LuaTeX (HO
)
Package pdftexcmds Info: LuaTeX not detected.
Package pdftexcmds Info: \pdf@primitive is available.
Package pdftexcmds Info: \pdf@ifprimitive is available.
Package pdftexcmds Info: \pdfdraftmode found.
Package: pdfescape 2016/05/16 v1.14 Implements pdfTeX's escape features (HO)
Package: bigintcalc 2016/05/16 v1.4 Expandable calculations on big integers (HO
)
Package: bitset 2016/05/16 v1.2 Handle bit-vector datatype (HO)
Package: uniquecounter 2016/05/16 v1.3 Provide unlimited unique counter (HO)
)
Package hobsub Info: Skipping package `hobsub' (already loaded).
Package: letltxmacro 2016/05/16 v1.5 Let assignment for LaTeX macros (HO)
Package: hopatch 2016/05/16 v1.3 Wrapper for package hooks (HO)
Package: xcolor-patch 2016/05/16 xcolor patch
Package: atveryend 2016/05/16 v1.9 Hooks at the very end of document (HO)
Package atveryend Info: \enddocument detected (standard20110627).
Package: atbegshi 2016/06/09 v1.18 At begin shipout hook (HO)
Package: refcount 2016/05/16 v3.5 Data extraction from label references (HO)
Package: hycolor 2016/05/16 v1.8 Color options for hyperref/bookmark (HO)
)
("C:\Program Files\MiKTeX 2.9\tex\latex\oberdiek\auxhook.sty"
Package: auxhook 2016/05/16 v1.4 Hooks for auxiliary files (HO)
)
\@linkdim=\dimen123
\Hy@linkcounter=\count114
\Hy@pagecounter=\count115

("C:\Program Files\MiKTeX 2.9\tex\latex\hyperref\pd1enc.def"
File: pd1enc.def 2017/03/14 v6.85a Hyperref: PDFDocEncoding definition (HO)
)
\Hy@SavedSpaceFactor=\count116

("C:\Program Files\MiKTeX 2.9\tex\latex\00miktex\hyperref.cfg"
File: hyperref.cfg 2002/06/06 v1.2 hyperref configuration of TeXLive
)
Package hyperref Info: Hyper figures OFF on input line 4498.
Package hyperref Info: Link nesting OFF on input line 4503.
Package hyperref Info: Hyper index ON on input line 4506.
Package hyperref Info: Plain pages OFF on input line 4513.
Package hyperref Info: Backreferencing OFF on input line 4518.
Package hyperref Info: Implicit mode ON; LaTeX internals redefined.
Package hyperref Info: Bookmarks ON on input line 4751.
\c@Hy@tempcnt=\count117

("C:\Program Files\MiKTeX 2.9\tex\latex\url\url.sty"
\Urlmuskip=\muskip10
Package: url 2013/09/16  ver 3.4  Verb mode for urls, etc.
)
LaTeX Info: Redefining \url on input line 5104.
\XeTeXLinkMargin=\dimen124
\Fld@menulength=\count118
\Field@Width=\dimen125
\Fld@charsize=\dimen126
Package hyperref Info: Hyper figures OFF on input line 6358.
Package hyperref Info: Link nesting OFF on input line 6363.
Package hyperref Info: Hyper index ON on input line 6366.
Package hyperref Info: backreferencing OFF on input line 6373.
Package hyperref Info: Link coloring OFF on input line 6378.
Package hyperref Info: Link coloring with OCG OFF on input line 6383.
Package hyperref Info: PDF/A mode OFF on input line 6388.
LaTeX Info: Redefining \ref on input line 6428.
LaTeX Info: Redefining \pageref on input line 6432.
\Hy@abspage=\count119
\c@Item=\count120
\c@Hfootnote=\count121
)

Package hyperref Message: Driver (autodetected): hpdftex.

("C:\Program Files\MiKTeX 2.9\tex\latex\hyperref\hpdftex.def"
File: hpdftex.def 2017/03/14 v6.85a Hyperref driver for pdfTeX
\Fld@listcount=\count122
\c@bookmark@seq@number=\count123

("C:\Program Files\MiKTeX 2.9\tex\latex\oberdiek\rerunfilecheck.sty"
Package: rerunfilecheck 2016/05/16 v1.8 Rerun checks for auxiliary files (HO)
Package uniquecounter Info: New unique counter `rerunfilecheck' on input line 2
82.
)
\Hy@SectionHShift=\skip52
)
("C:\Program Files\MiKTeX 2.9\tex\latex\eurosym\eurosym.sty"
Package: eurosym 1998/08/06 v1.1 European currency symbol ``Euro''
\@eurobox=\box30
)
("C:\Program Files\MiKTeX 2.9\tex\latex\biblatex\biblatex.sty"
Package: biblatex 2016/12/05 v3.7 programmable bibliographies (PK/JW/AB)

("C:\Program Files\MiKTeX 2.9\tex\latex\etoolbox\etoolbox.sty"
Package: etoolbox 2017/01/02 v2.4 e-TeX tools for LaTeX (JAW)
\etb@tempcnta=\count124
)
("C:\Program Files\MiKTeX 2.9\tex\latex\logreq\logreq.sty"
Package: logreq 2010/08/04 v1.0 xml request logger
\lrq@indent=\count125

("C:\Program Files\MiKTeX 2.9\tex\latex\logreq\logreq.def"
File: logreq.def 2010/08/04 v1.0 logreq spec v1.0
))
("C:\Program Files\MiKTeX 2.9\tex\latex\base\ifthen.sty"
Package: ifthen 2014/09/29 v1.1c Standard LaTeX ifthen package (DPC)
)
("C:\Program Files\MiKTeX 2.9\tex\latex\xstring\xstring.sty"
("C:\Program Files\MiKTeX 2.9\tex\generic\xstring\xstring.tex"
\@xs@message=\write3
\integerpart=\count126
\decimalpart=\count127
)
Package: xstring 2013/10/13  v1.7c  String manipulations (C Tellechea)
)
\c@tabx@nest=\count128
\c@listtotal=\count129
\c@listcount=\count130
\c@liststart=\count131
\c@liststop=\count132
\c@citecount=\count133
\c@citetotal=\count134
\c@multicitecount=\count135
\c@multicitetotal=\count136
\c@instcount=\count137
\c@maxnames=\count138
\c@minnames=\count139
\c@maxitems=\count140
\c@minitems=\count141
\c@citecounter=\count142
\c@savedcitecounter=\count143
\c@uniquelist=\count144
\c@uniquename=\count145
\c@refsection=\count146
\c@refsegment=\count147
\c@maxextratitle=\count148
\c@maxextratitleyear=\count149
\c@maxextrayear=\count150
\c@maxextraalpha=\count151
\c@abbrvpenalty=\count152
\c@highnamepenalty=\count153
\c@lownamepenalty=\count154
\c@maxparens=\count155
\c@parenlevel=\count156
\blx@tempcnta=\count157
\blx@tempcntb=\count158
\blx@tempcntc=\count159
\blx@maxsection=\count160
\blx@maxsegment@0=\count161
\blx@notetype=\count162
\blx@parenlevel@text=\count163
\blx@parenlevel@foot=\count164
\blx@sectionciteorder@0=\count165
\labelnumberwidth=\skip53
\labelalphawidth=\skip54
\biblabelsep=\skip55
\bibitemsep=\skip56
\bibnamesep=\skip57
\bibinitsep=\skip58
\bibparsep=\skip59
\bibhang=\skip60
\blx@bcfin=\read1
\blx@bcfout=\write4
\c@mincomprange=\count166
\c@maxcomprange=\count167
\c@mincompwidth=\count168
Package biblatex Info: Trying to load biblatex default data model...
Package biblatex Info: ... file 'blx-dm.def' found.

("C:\Program Files\MiKTeX 2.9\tex\latex\biblatex\blx-dm.def")
Package biblatex Info: Trying to load biblatex custom data model...
Package biblatex Info: ... file 'biblatex-dm.cfg' not found.
\c@afterword=\count169
\c@savedafterword=\count170
\c@annotator=\count171
\c@savedannotator=\count172
\c@author=\count173
\c@savedauthor=\count174
\c@bookauthor=\count175
\c@savedbookauthor=\count176
\c@commentator=\count177
\c@savedcommentator=\count178
\c@editor=\count179
\c@savededitor=\count180
\c@editora=\count181
\c@savededitora=\count182
\c@editorb=\count183
\c@savededitorb=\count184
\c@editorc=\count185
\c@savededitorc=\count186
\c@foreword=\count187
\c@savedforeword=\count188
\c@holder=\count189
\c@savedholder=\count190
\c@introduction=\count191
\c@savedintroduction=\count192
\c@namea=\count193
\c@savednamea=\count194
\c@nameb=\count195
\c@savednameb=\count196
\c@namec=\count197
\c@savednamec=\count198
\c@translator=\count199
\c@savedtranslator=\count266
\c@shortauthor=\count267
\c@savedshortauthor=\count268
\c@shorteditor=\count269
\c@savedshorteditor=\count270
\c@labelname=\count271
\c@savedlabelname=\count272
\c@institution=\count273
\c@savedinstitution=\count274
\c@lista=\count275
\c@savedlista=\count276
\c@listb=\count277
\c@savedlistb=\count278
\c@listc=\count279
\c@savedlistc=\count280
\c@listd=\count281
\c@savedlistd=\count282
\c@liste=\count283
\c@savedliste=\count284
\c@listf=\count285
\c@savedlistf=\count286
\c@location=\count287
\c@savedlocation=\count288
\c@organization=\count289
\c@savedorganization=\count290
\c@origlocation=\count291
\c@savedoriglocation=\count292
\c@origpublisher=\count293
\c@savedorigpublisher=\count294
\c@publisher=\count295
\c@savedpublisher=\count296
\c@language=\count297
\c@savedlanguage=\count298
\c@pageref=\count299
\c@savedpageref=\count300
\shorthandwidth=\skip61
\shortjournalwidth=\skip62
\shortserieswidth=\skip63
\shorttitlewidth=\skip64
\shortauthorwidth=\skip65
\shorteditorwidth=\skip66
Package biblatex Info: Trying to load compatibility code...
Package biblatex Info: ... file 'blx-compat.def' found.

("C:\Program Files\MiKTeX 2.9\tex\latex\biblatex\blx-compat.def"
File: blx-compat.def 2016/12/05 v3.7 biblatex compatibility (PK/JW/AB)
)
Package biblatex Info: Trying to load generic definitions...
Package biblatex Info: ... file 'biblatex.def' found.

("C:\Program Files\MiKTeX 2.9\tex\latex\biblatex\biblatex.def"
File: biblatex.def 2016/12/05 v3.7 biblatex compatibility (PK/JW/AB)
\c@textcitecount=\count301
\c@textcitetotal=\count302
\c@textcitemaxnames=\count303
\c@biburlnumpenalty=\count304
\c@biburlucpenalty=\count305
\c@biburllcpenalty=\count306
\c@smartand=\count307
)
Package biblatex Info: Trying to load bibliography style 'numeric'...
Package biblatex Info: ... file 'numeric.bbx' found.

("C:\Program Files\MiKTeX 2.9\tex\latex\biblatex\bbx\numeric.bbx"
File: numeric.bbx 2016/12/05 v3.7 biblatex bibliography style (PK/JW/AB)
Package biblatex Info: Trying to load bibliography style 'standard'...
Package biblatex Info: ... file 'standard.bbx' found.

("C:\Program Files\MiKTeX 2.9\tex\latex\biblatex\bbx\standard.bbx"
File: standard.bbx 2016/12/05 v3.7 biblatex bibliography style (PK/JW/AB)
\c@bbx:relatedcount=\count308
\c@bbx:relatedtotal=\count309
))
Package biblatex Info: Trying to load citation style 'numeric'...
Package biblatex Info: ... file 'numeric.cbx' found.

("C:\Program Files\MiKTeX 2.9\tex\latex\biblatex\cbx\numeric.cbx"
File: numeric.cbx 2016/12/05 v3.7 biblatex citation style (PK/JW/AB)
Package biblatex Info: Redefining '\cite'.
Package biblatex Info: Redefining '\parencite'.
Package biblatex Info: Redefining '\footcite'.
Package biblatex Info: Redefining '\footcitetext'.
Package biblatex Info: Redefining '\smartcite'.
Package biblatex Info: Redefining '\supercite'.
Package biblatex Info: Redefining '\textcite'.
Package biblatex Info: Redefining '\textcites'.
Package biblatex Info: Redefining '\cites'.
Package biblatex Info: Redefining '\parencites'.
Package biblatex Info: Redefining '\smartcites'.
)
Package biblatex Info: Trying to load configuration file...
Package biblatex Info: ... file 'biblatex.cfg' found.

("C:\Program Files\MiKTeX 2.9\tex\latex\biblatex\biblatex.cfg"
File: biblatex.cfg 
))
("C:\Program Files\MiKTeX 2.9\tex\latex\siunitx\siunitx.sty"
("C:\Program Files\MiKTeX 2.9\tex\latex\l3kernel\expl3.sty"
Package: expl3 2017/05/29 L3 programming layer (loader) 

("C:\Program Files\MiKTeX 2.9\tex\latex\l3kernel\expl3-code.tex"
Package: expl3 2017/05/29 L3 programming layer (code)
\c_max_int=\count310
\l_tmpa_int=\count311
\l_tmpb_int=\count312
\g_tmpa_int=\count313
\g_tmpb_int=\count314
\g__intarray_font_int=\count315
\g__prg_map_int=\count316
\c_log_iow=\count317
\l_iow_line_count_int=\count318
\l__iow_line_target_int=\count319
\l__iow_one_indent_int=\count320
\l__iow_indent_int=\count321
\c_zero_dim=\dimen127
\c_max_dim=\dimen128
\l_tmpa_dim=\dimen129
\l_tmpb_dim=\dimen130
\g_tmpa_dim=\dimen131
\g_tmpb_dim=\dimen132
\c_zero_skip=\skip67
\c_max_skip=\skip68
\l_tmpa_skip=\skip69
\l_tmpb_skip=\skip70
\g_tmpa_skip=\skip71
\g_tmpb_skip=\skip72
\c_zero_muskip=\muskip11
\c_max_muskip=\muskip12
\l_tmpa_muskip=\muskip13
\l_tmpb_muskip=\muskip14
\g_tmpa_muskip=\muskip15
\g_tmpb_muskip=\muskip16
\l_keys_choice_int=\count322
\c__fp_leading_shift_int=\count323
\c__fp_middle_shift_int=\count324
\c__fp_trailing_shift_int=\count325
\c__fp_big_leading_shift_int=\count326
\c__fp_big_middle_shift_int=\count327
\c__fp_big_trailing_shift_int=\count328
\c__fp_Bigg_leading_shift_int=\count329
\c__fp_Bigg_middle_shift_int=\count330
\c__fp_Bigg_trailing_shift_int=\count331
\c__fp_rand_size_int=\count332
\c__fp_rand_four_int=\count333
\c__fp_rand_eight_int=\count334
\l__sort_length_int=\count335
\l__sort_min_int=\count336
\l__sort_top_int=\count337
\l__sort_max_int=\count338
\l__sort_true_max_int=\count339
\l__sort_block_int=\count340
\l__sort_begin_int=\count341
\l__sort_end_int=\count342
\l__sort_A_int=\count343
\l__sort_B_int=\count344
\l__sort_C_int=\count345
\l__tl_build_start_index_int=\count346
\l__tl_build_index_int=\count347
\l__tl_analysis_normal_int=\count348
\l__tl_analysis_index_int=\count349
\l__tl_analysis_nesting_int=\count350
\l__tl_analysis_type_int=\count351
\l__regex_internal_a_int=\count352
\l__regex_internal_b_int=\count353
\l__regex_internal_c_int=\count354
\l__regex_balance_int=\count355
\l__regex_group_level_int=\count356
\l__regex_mode_int=\count357
\c__regex_cs_in_class_mode_int=\count358
\c__regex_cs_mode_int=\count359
\l__regex_catcodes_int=\count360
\l__regex_default_catcodes_int=\count361
\c__regex_catcode_D_int=\count362
\c__regex_catcode_S_int=\count363
\c__regex_catcode_L_int=\count364
\c__regex_catcode_O_int=\count365
\c__regex_catcode_A_int=\count366
\c__regex_all_catcodes_int=\count367
\l__regex_show_lines_int=\count368
\l__regex_min_state_int=\count369
\l__regex_max_state_int=\count370
\l__regex_left_state_int=\count371
\l__regex_right_state_int=\count372
\l__regex_capturing_group_int=\count373
\l__regex_min_pos_int=\count374
\l__regex_max_pos_int=\count375
\l__regex_current_pos_int=\count376
\l__regex_start_pos_int=\count377
\l__regex_success_pos_int=\count378
\l__regex_current_char_int=\count379
\l__regex_current_catcode_int=\count380
\l__regex_last_char_int=\count381
\l__regex_case_changed_char_int=\count382
\l__regex_current_state_int=\count383
\l__regex_step_int=\count384
\l__regex_min_active_int=\count385
\l__regex_max_active_int=\count386
\l__regex_replacement_csnames_int=\count387
\l__regex_match_count_int=\count388
\l__regex_min_submatch_int=\count389
\l__regex_submatch_int=\count390
\l__regex_zeroth_submatch_int=\count391
\c_empty_box=\box31
\l_tmpa_box=\box32
\l_tmpb_box=\box33
\g_tmpa_box=\box34
\g_tmpb_box=\box35
\l__box_top_dim=\dimen133
\l__box_bottom_dim=\dimen134
\l__box_left_dim=\dimen135
\l__box_right_dim=\dimen136
\l__box_top_new_dim=\dimen137
\l__box_bottom_new_dim=\dimen138
\l__box_left_new_dim=\dimen139
\l__box_right_new_dim=\dimen140
\l__box_internal_box=\box36
\l__coffin_internal_box=\box37
\l__coffin_internal_dim=\dimen141
\l__coffin_offset_x_dim=\dimen142
\l__coffin_offset_y_dim=\dimen143
\l__coffin_x_dim=\dimen144
\l__coffin_y_dim=\dimen145
\l__coffin_x_prime_dim=\dimen146
\l__coffin_y_prime_dim=\dimen147
\c_empty_coffin=\box38
\l__coffin_aligned_coffin=\box39
\l__coffin_aligned_internal_coffin=\box40
\l_tmpa_coffin=\box41
\l_tmpb_coffin=\box42
\l__coffin_display_coffin=\box43
\l__coffin_display_coord_coffin=\box44
\l__coffin_display_pole_coffin=\box45
\l__coffin_display_offset_dim=\dimen148
\l__coffin_display_x_dim=\dimen149
\l__coffin_display_y_dim=\dimen150
\l__coffin_bounding_shift_dim=\dimen151
\l__coffin_left_corner_dim=\dimen152
\l__coffin_right_corner_dim=\dimen153
\l__coffin_bottom_corner_dim=\dimen154
\l__coffin_top_corner_dim=\dimen155
\l__coffin_scaled_total_height_dim=\dimen156
\l__coffin_scaled_width_dim=\dimen157
)
("C:\Program Files\MiKTeX 2.9\tex\latex\l3kernel\l3pdfmode.def"
File: l3pdfmode.def 2017/03/18 v L3 Experimental driver: PDF mode
\l__driver_color_stack_int=\count392
\l__driver_tmp_box=\box46
))
("C:\Program Files\MiKTeX 2.9\tex\latex\l3packages\xparse\xparse.sty"
Package: xparse 2017/05/29 L3 Experimental document command parser
\l__xparse_current_arg_int=\count393
\g__xparse_grabber_int=\count394
\l__xparse_m_args_int=\count395
\l__xparse_mandatory_args_int=\count396
\l__xparse_v_nesting_int=\count397
)
Package: siunitx 2017/05/19 v2.7g A comprehensive (SI) units package

("C:\Program Files\MiKTeX 2.9\tex\latex\amsmath\amstext.sty"
Package: amstext 2000/06/29 v2.01 AMS text

("C:\Program Files\MiKTeX 2.9\tex\latex\amsmath\amsgen.sty"
File: amsgen.sty 1999/11/30 v2.0 generic functions
\@emptytoks=\toks17
\ex@=\dimen158
))
("C:\Program Files\MiKTeX 2.9\tex\latex\tools\array.sty"
Package: array 2016/10/06 v2.4d Tabular extension package (FMi)
\col@sep=\dimen159
\extrarowheight=\dimen160
\NC@list=\toks18
\extratabsurround=\skip73
\backup@length=\skip74
)
("C:\Program Files\MiKTeX 2.9\tex\latex\l3packages\l3keys2e\l3keys2e.sty"
Package: l3keys2e 2017/05/29 LaTeX2e option processing using LaTeX3 keys
)
\l__siunitx_tmp_box=\box47
\l__siunitx_tmp_dim=\dimen161
\l__siunitx_tmp_int=\count398
\l__siunitx_number_mantissa_length_int=\count399
\l__siunitx_number_uncert_length_int=\count400
\l__siunitx_round_int=\count401
\l__siunitx_process_decimal_int=\count402
\l__siunitx_process_uncertainty_int=\count403
\l__siunitx_process_fixed_int=\count404
\l__siunitx_process_integer_min_int=\count405
\l__siunitx_process_precision_int=\count406
\l__siunitx_group_min_int=\count407
\l__siunitx_angle_marker_box=\box48
\l__siunitx_angle_unit_box=\box49
\l__siunitx_angle_marker_dim=\dimen162
\l__siunitx_angle_unit_dim=\dimen163
\l__siunitx_unit_int=\count408
\l__siunitx_unit_denominator_int=\count409
\l__siunitx_unit_numerator_int=\count410
\l__siunitx_unit_prefix_int=\count411
\l__siunitx_unit_prefix_base_int=\count412
\l__siunitx_unit_prefix_gram_int=\count413
\l__siunitx_number_product_int=\count414
\c__siunitx_one_fill_skip=\skip75
\l__siunitx_table_unit_align_skip=\skip76
\l__siunitx_table_exponent_dim=\dimen164
\l__siunitx_table_integer_dim=\dimen165
\l__siunitx_table_mantissa_dim=\dimen166
\l__siunitx_table_marker_dim=\dimen167
\l__siunitx_table_result_dim=\dimen168
\l__siunitx_table_uncert_dim=\dimen169
\l__siunitx_table_fill_pre_dim=\dimen170
\l__siunitx_table_fill_post_dim=\dimen171
\l__siunitx_table_fill_mid_dim=\dimen172
\l__siunitx_table_pre_box=\box50
\l__siunitx_table_post_box=\box51
\l__siunitx_table_mantissa_box=\box52
\l__siunitx_table_result_box=\box53
\l__siunitx_table_number_align_skip=\skip77
\l__siunitx_table_text_align_skip=\skip78
.................................................
. LaTeX info: "xparse/define-command"
. 
. Defining command \DeclareBinaryPrefix with sig. 'mmm' on line 7251.
.................................................
.................................................
. LaTeX info: "xparse/define-command"
. 
. Defining command \DeclareSIPostPower with sig. 'mm' on line 7254.
.................................................
.................................................
. LaTeX info: "xparse/define-command"
. 
. Defining command \DeclareSIPrefix with sig. 'mmm' on line 7257.
.................................................
.................................................
. LaTeX info: "xparse/define-command"
. 
. Defining command \DeclareSIPrePower with sig. 'mm' on line 7260.
.................................................
.................................................
. LaTeX info: "xparse/define-command"
. 
. Defining command \DeclareSIQualifier with sig. 'mm' on line 7263.
.................................................
.................................................
. LaTeX info: "xparse/define-command"
. 
. Defining command \DeclareSIUnit with sig. 'O{}mm' on line 7266.
.................................................
.................................................
. LaTeX info: "xparse/define-command"
. 
. Defining command \DeclareSIUnitWithOptions with sig. 'mmm' on line 7269.
.................................................
.................................................
. LaTeX info: "xparse/define-command"
. 
. Defining command \ang with sig. 'o>{\SplitArgument {2}{;}}m' on line 7284.
.................................................
.................................................
. LaTeX info: "xparse/define-command"
. 
. Defining command \num with sig. 'om' on line 7293.
.................................................
.................................................
. LaTeX info: "xparse/define-command"
. 
. Defining command \numlist with sig. 'o>{\SplitList {;}}m' on line 7302.
.................................................
.................................................
. LaTeX info: "xparse/define-command"
. 
. Defining command \numrange with sig. 'omm' on line 7311.
.................................................
.................................................
. LaTeX info: "xparse/define-command"
. 
. Defining command \SIlist with sig. 'o>{\SplitList {;}}mm' on line 7323.
.................................................
.................................................
. LaTeX info: "xparse/define-command"
. 
. Defining command \SIrange with sig. 'ommm' on line 7335.
.................................................
.................................................
. LaTeX info: "xparse/define-command"
. 
. Defining command \SI with sig. 'omom' on line 7347.
.................................................
.................................................
. LaTeX info: "xparse/define-command"
. 
. Defining command \sisetup with sig. 'm' on line 7350.
.................................................
.................................................
. LaTeX info: "xparse/define-command"
. 
. Defining command \tablenum with sig. 'om' on line 7365.
.................................................
.................................................
. LaTeX info: "xparse/define-command"
. 
. Defining command \si with sig. 'om' on line 7377.
.................................................
.................................................
. LaTeX info: "xparse/define-command"
. 
. Defining command \numInBookmark with sig. 'om' on line 7424.
.................................................
.................................................
. LaTeX info: "xparse/define-command"
. 
. Defining command \numrangeInBookmark with sig. 'omm' on line 7426.
.................................................
.................................................
. LaTeX info: "xparse/define-command"
. 
. Defining command \SIInBookmark with sig. 'omom' on line 7428.
.................................................
.................................................
. LaTeX info: "xparse/define-command"
. 
. Defining command \SIlistInBookmark with sig. 'omm' on line 7430.
.................................................
.................................................
. LaTeX info: "xparse/define-command"
. 
. Defining command \SIrangeInBookmark with sig. 'ommm' on line 7432.
.................................................
.................................................
. LaTeX info: "xparse/define-command"
. 
. Defining command \siInBookmark with sig. 'om' on line 7433.
.................................................
\g__file_internal_ior=\read2

("C:\Program Files\MiKTeX 2.9\tex\latex\beamer\translator\translator.sty"
Package: translator 2010/06/12 ver 1.10

("C:\Program Files\MiKTeX 2.9\tex\latex\beamer\translator\translator-language-m
appings.tex"))) ("C:\Program Files\MiKTeX 2.9\tex\latex\systeme\systeme.sty"
("C:\Program Files\MiKTeX 2.9\tex\generic\systeme\systeme.tex"
\SYS@systemecode=\toks19
\SYS@systempreamble=\toks20
\SYSeqnum=\count415
)
Package: systeme 2013/12/21 v0.3 Mise en forme de systemes d'equations
)
("C:\Program Files\MiKTeX 2.9\tex\latex\mathtools\mathtools.sty"
Package: mathtools 2017/05/24 v1.19 mathematical typesetting tools

("C:\Program Files\MiKTeX 2.9\tex\latex\tools\calc.sty"
Package: calc 2014/10/28 v4.3 Infix arithmetic (KKT,FJ)
\calc@Acount=\count416
\calc@Bcount=\count417
\calc@Adimen=\dimen173
\calc@Bdimen=\dimen174
\calc@Askip=\skip79
\calc@Bskip=\skip80
LaTeX Info: Redefining \setlength on input line 80.
LaTeX Info: Redefining \addtolength on input line 81.
\calc@Ccount=\count418
\calc@Cskip=\skip81
)
("C:\Program Files\MiKTeX 2.9\tex\latex\mathtools\mhsetup.sty"
Package: mhsetup 2017/03/31 v1.3 programming setup (MH)
)
("C:\Program Files\MiKTeX 2.9\tex\latex\amsmath\amsmath.sty"
Package: amsmath 2016/11/05 v2.16a AMS math features
\@mathmargin=\skip82

For additional information on amsmath, use the `?' option.
("C:\Program Files\MiKTeX 2.9\tex\latex\amsmath\amsbsy.sty"
Package: amsbsy 1999/11/29 v1.2d Bold Symbols
\pmbraise@=\dimen175
)
("C:\Program Files\MiKTeX 2.9\tex\latex\amsmath\amsopn.sty"
Package: amsopn 2016/03/08 v2.02 operator names
)
\inf@bad=\count419
LaTeX Info: Redefining \frac on input line 213.
\uproot@=\count420
\leftroot@=\count421
LaTeX Info: Redefining \overline on input line 375.
\classnum@=\count422
\DOTSCASE@=\count423
LaTeX Info: Redefining \ldots on input line 472.
LaTeX Info: Redefining \dots on input line 475.
LaTeX Info: Redefining \cdots on input line 596.
\Mathstrutbox@=\box54
\strutbox@=\box55
\big@size=\dimen176
LaTeX Font Info:    Redeclaring font encoding OML on input line 712.
LaTeX Font Info:    Redeclaring font encoding OMS on input line 713.
\macc@depth=\count424
\c@MaxMatrixCols=\count425
\dotsspace@=\muskip17
\c@parentequation=\count426
\dspbrk@lvl=\count427
\tag@help=\toks21
\row@=\count428
\column@=\count429
\maxfields@=\count430
\andhelp@=\toks22
\eqnshift@=\dimen177
\alignsep@=\dimen178
\tagshift@=\dimen179
\tagwidth@=\dimen180
\totwidth@=\dimen181
\lineht@=\dimen182
\@envbody=\toks23
\multlinegap=\skip83
\multlinetaggap=\skip84
\mathdisplay@stack=\toks24
LaTeX Info: Redefining \[ on input line 2817.
LaTeX Info: Redefining \] on input line 2818.
)
LaTeX Info: Thecontrolsequence`\('isalreadyrobust on input line 129.
LaTeX Info: Thecontrolsequence`\)'isalreadyrobust on input line 129.
LaTeX Info: Thecontrolsequence`\['isalreadyrobust on input line 129.
LaTeX Info: Thecontrolsequence`\]'isalreadyrobust on input line 129.
\g_MT_multlinerow_int=\count431
\l_MT_multwidth_dim=\dimen183
\origjot=\skip85
\l_MT_shortvdotswithinadjustabove_dim=\dimen184
\l_MT_shortvdotswithinadjustbelow_dim=\dimen185
\l_MT_above_intertext_sep=\dimen186
\l_MT_below_intertext_sep=\dimen187
\l_MT_above_shortintertext_sep=\dimen188
\l_MT_below_shortintertext_sep=\dimen189
)
("C:\Program Files\MiKTeX 2.9\tex\latex\subfig\subfig.sty"
Package: subfig 2005/06/28 ver: 1.3 subfig package

("C:\Program Files\MiKTeX 2.9\tex\latex\caption\caption.sty"
Package: caption 2016/02/21 v3.3-144 Customizing captions (AR)

("C:\Program Files\MiKTeX 2.9\tex\latex\caption\caption3.sty"
Package: caption3 2016/05/22 v1.7-166 caption3 kernel (AR)
Package caption3 Info: TeX engine: e-TeX on input line 67.
\captionmargin=\dimen190
\captionmargin@=\dimen191
\captionwidth=\dimen192
\caption@tempdima=\dimen193
\caption@indent=\dimen194
\caption@parindent=\dimen195
\caption@hangindent=\dimen196
)
\c@ContinuedFloat=\count432
Package caption Info: hyperref package is loaded.
)
\c@KVtest=\count433
\sf@farskip=\skip86
\sf@captopadj=\dimen197
\sf@capskip=\skip87
\sf@nearskip=\skip88
\c@subfigure=\count434
\c@subfigure@save=\count435
\c@lofdepth=\count436
\c@subtable=\count437
\c@subtable@save=\count438
\c@lotdepth=\count439
\sf@top=\skip89
\sf@bottom=\skip90
)
LaTeX Info: Redefining \officialeuro on input line 20.

("C:\Program Files\MiKTeX 2.9\tex\latex\listings\listings.sty"
\lst@mode=\count440
\lst@gtempboxa=\box56
\lst@token=\toks25
\lst@length=\count441
\lst@currlwidth=\dimen198
\lst@column=\count442
\lst@pos=\count443
\lst@lostspace=\dimen199
\lst@width=\dimen256
\lst@newlines=\count444
\lst@lineno=\count445
\lst@maxwidth=\dimen257

("C:\Program Files\MiKTeX 2.9\tex\latex\listings\lstmisc.sty"
File: lstmisc.sty 2015/06/04 1.6 (Carsten Heinz)
\c@lstnumber=\count446
\lst@skipnumbers=\count447
\lst@framebox=\box57
)
("C:\Program Files\MiKTeX 2.9\tex\latex\listings\listings.cfg"
File: listings.cfg 2015/06/04 1.6 listings configuration
))
Package: listings 2015/06/04 1.6 (Carsten Heinz)
Package biblatex Info: Trying to load language 'english'...
Package biblatex Info: ... file 'english.lbx' found.

("C:\Program Files\MiKTeX 2.9\tex\latex\biblatex\lbx\english.lbx"
File: english.lbx 2016/12/05 v3.7 biblatex localization (PK/JW/AB)
)
\@quotelevel=\count448
\@quotereset=\count449
 (tesi.aux
(Sections/Abstract/Abstract_EN.aux) (Sections/Abstract/Abstract_IT.aux)
(Chapters/Chapter1.aux) (Chapters/Chapter2.aux) (Chapters/Chapter3.aux

LaTeX Warning: Label `fig:Sample smartphone accelerometer sensors' multiply def
ined.

) (Chapters/Chapter4.aux))
\openout1 = `tesi.aux'.

LaTeX Font Info:    Checking defaults for OML/cmm/m/it on input line 38.
LaTeX Font Info:    ... okay on input line 38.
LaTeX Font Info:    Checking defaults for T1/cmr/m/n on input line 38.
LaTeX Font Info:    ... okay on input line 38.
LaTeX Font Info:    Checking defaults for OT1/cmr/m/n on input line 38.
LaTeX Font Info:    ... okay on input line 38.
LaTeX Font Info:    Checking defaults for OMS/cmsy/m/n on input line 38.
LaTeX Font Info:    ... okay on input line 38.
LaTeX Font Info:    Checking defaults for OMX/cmex/m/n on input line 38.
LaTeX Font Info:    ... okay on input line 38.
LaTeX Font Info:    Checking defaults for U/cmr/m/n on input line 38.
LaTeX Font Info:    ... okay on input line 38.
LaTeX Font Info:    Checking defaults for PD1/pdf/m/n on input line 38.
LaTeX Font Info:    ... okay on input line 38.

("C:\Program Files\MiKTeX 2.9\tex\context\base\supp-pdf.mkii"
[Loading MPS to PDF converter (version 2006.09.02).]
\scratchcounter=\count450
\scratchdimen=\dimen258
\scratchbox=\box58
\nofMPsegments=\count451
\nofMParguments=\count452
\everyMPshowfont=\toks26
\MPscratchCnt=\count453
\MPscratchDim=\dimen259
\MPnumerator=\count454
\makeMPintoPDFobject=\count455
\everyMPtoPDFconversion=\toks27
) ("C:\Program Files\MiKTeX 2.9\tex\latex\oberdiek\epstopdf-base.sty"
Package: epstopdf-base 2016/05/15 v2.6 Base part for package epstopdf

("C:\Program Files\MiKTeX 2.9\tex\latex\oberdiek\grfext.sty"
Package: grfext 2016/05/16 v1.2 Manage graphics extensions (HO)
)
Package epstopdf-base Info: Redefining graphics rule for `.eps' on input line 4
38.
Package grfext Info: Graphics extension search list:
(grfext)             [.png,.pdf,.jpg,.mps,.jpeg,.jbig2,.jb2,.PNG,.PDF,.JPG,.JPE
G,.JBIG2,.JB2,.eps]
(grfext)             \AppendGraphicsExtensions on input line 456.
)
*geometry* driver: auto-detecting
*geometry* detected driver: pdftex
*geometry* verbose mode - [ preamble ] result:
* driver: pdftex
* paper: a4paper
* layout: <same size as paper>
* layoutoffset:(h,v)=(0.0pt,0.0pt)
* modes: twoside 
* h-part:(L,W,R)=(85.35826pt, 455.24411pt, 56.9055pt)
* v-part:(T,H,B)=(56.9055pt, 731.23584pt, 56.9055pt)
* \paperwidth=597.50787pt
* \paperheight=845.04684pt
* \textwidth=455.24411pt
* \textheight=731.23584pt
* \oddsidemargin=13.08827pt
* \evensidemargin=-15.36449pt
* \topmargin=-47.23828pt
* \headheight=12.0pt
* \headsep=19.8738pt
* \topskip=11.0pt
* \footskip=27.46295pt
* \marginparwidth=106.0pt
* \marginparsep=7.0pt
* \columnsep=10.0pt
* \skip\footins=10.0pt plus 4.0pt minus 2.0pt
* \hoffset=0.0pt
* \voffset=0.0pt
* \mag=1000
* \@twocolumnfalse
* \@twosidetrue
* \@mparswitchtrue
* \@reversemarginfalse
* (1in=72.27pt=25.4mm, 1cm=28.453pt)

\AtBeginShipoutBox=\box59
Package hyperref Info: Link coloring OFF on input line 38.
("C:\Program Files\MiKTeX 2.9\tex\latex\hyperref\nameref.sty"
Package: nameref 2016/05/21 v2.44 Cross-referencing by name of section

("C:\Program Files\MiKTeX 2.9\tex\generic\oberdiek\gettitlestring.sty"
Package: gettitlestring 2016/05/16 v1.5 Cleanup title references (HO)
)
\c@section@level=\count456
)
LaTeX Info: Redefining \ref on input line 38.
LaTeX Info: Redefining \pageref on input line 38.
LaTeX Info: Redefining \nameref on input line 38.

(tesi.out) (tesi.out)
\@outlinefile=\write5
\openout5 = `tesi.out'.

Package biblatex Info: No input encoding detected.
(biblatex)             Assuming 'ascii'.
Package biblatex Info: Automatic encoding selection.
(biblatex)             Assuming data encoding 'ascii'.
\openout4 = `tesi.bcf'.

Package biblatex Info: Trying to load bibliographic data...
Package biblatex Info: ... file 'tesi.bbl' found.
 (tesi.bbl

Package biblatex Warning: The following entry could not be found
(biblatex)                in the database:
(biblatex)                amberg1991laser
(biblatex)                Please verify the spelling and rerun
(biblatex)                LaTeX afterwards.

)
Package biblatex Info: Reference section=0 on input line 38.
Package biblatex Info: Reference segment=0 on input line 38.

("C:\Program Files\MiKTeX 2.9\tex\latex\beamer\translator\dicts\translator-basi
c-dictionary\translator-basic-dictionary-English.dict"
Dictionary: translator-basic-dictionary, Language: English 
)
("C:\Program Files\MiKTeX 2.9\tex\latex\siunitx\siunitx-abbreviations.cfg"
File: siunitx-abbreviations.cfg 2017/05/19 v2.7g siunitx: Abbreviated units
)
Package caption Info: Begin \AtBeginDocument code.
Package caption Info: subfig package v1.3 is loaded.
Package caption Info: listings package is loaded.
Package caption Info: End \AtBeginDocument code.
\c@lstlisting=\count457
\c__siunitx_mathsf_int=\count458
\c__siunitx_mathtt_int=\count459

<images/UniversityLogo.png, id=95, 148.555pt x 93.34875pt>
File: images/UniversityLogo.png Graphic file (type png)

<use images/UniversityLogo.png>
Package pdftex.def Info: images/UniversityLogo.png used on input line 45.
(pdftex.def)             Requested size: 118.84415pt x 74.6791pt.
 [1



{C:/ProgramData/MiKTeX/2.9/pdftex/config/pdftex.map} <./images/UniversityLogo.p
ng>] [2

]
LaTeX Font Info:    Try loading font information for T1+pnc on input line 82.

("C:\Program Files\MiKTeX 2.9\tex\latex\psnfss\t1pnc.fd"
File: t1pnc.fd 2001/06/04 font definitions for T1/pnc.
) (tesi.toc)
\tf@toc=\write6
\openout6 = `tesi.toc'.

 [3]

Package Fancyhdr Warning: \headheight is too small (12.0pt): 
 Make it at least 13.59999pt.
 We now make it that large for the rest of the document.
 This may cause the page layout to be inconsistent, however.

[4

] (tesi.lof
Overfull \hbox (26.86075pt too wide) in paragraph at lines 6--6
 [][] [][]\OT1/cmr/m/n/10.95 International Rough-ness In-dex Scale de-fined by 
Say-ers and Karami-has [[]13[]] Rep-re-sent-ing 
 []

)
\tf@lof=\write7
\openout7 = `tesi.lof'.

 [5]

Package Fancyhdr Warning: \headheight is too small (12.0pt): 
 Make it at least 13.59999pt.
 We now make it that large for the rest of the document.
 This may cause the page layout to be inconsistent, however.

[6

] (tesi.lot)
\tf@lot=\write8
\openout8 = `tesi.lot'.

 [7]
\openout2 = `Sections/Abstract/Abstract_EN.aux'.

 (Sections/Abstract/Abstract_EN.tex
Overfull \hbox (1.43234pt too wide) in paragraph at lines 9--11
\OT1/cmr/m/n/10.95 The de-scrip-tion about the qual-ity of the road sur-face is
 done through the anal-y-sis of a lon-gi-tu-di-nal
 []


Package Fancyhdr Warning: \headheight is too small (12.0pt): 
 Make it at least 13.59999pt.
 We now make it that large for the rest of the document.
 This may cause the page layout to be inconsistent, however.

[8


])
\openout2 = `Sections/Abstract/Abstract_IT.aux'.

 (Sections/Abstract/Abstract_IT.tex

Package Fancyhdr Warning: \headheight is too small (12.0pt): 
 Make it at least 13.59999pt.
 We now make it that large for the rest of the document.
 This may cause the page layout to be inconsistent, however.

[9



])

Package Fancyhdr Warning: \headheight is too small (12.0pt): 
 Make it at least 13.59999pt.
 We now make it that large for the rest of the document.
 This may cause the page layout to be inconsistent, however.

[10



]
\openout2 = `Chapters/Chapter1.aux'.

 (Chapters/Chapter1.tex
Chapter 1.

Overfull \hbox (16.45813pt too wide) in paragraph at lines 6--7
\OT1/cmr/m/n/10.95 in-fras-truc-ture can al-low work-ers to in-ter-vene at the 
most crit-i-cal points, or at the most dis-ad-van-taged
 []


Underfull \hbox (badness 10000) in paragraph at lines 6--7

 []


Underfull \hbox (badness 10000) in paragraph at lines 6--7

 []

[1


]
LaTeX Font Info:    Try loading font information for OMS+cmr on input line 15.
 ("C:\Program Files\MiKTeX 2.9\tex\latex\base\omscmr.fd"
File: omscmr.fd 2014/09/29 v2.5h Standard LaTeX font definitions
)
LaTeX Font Info:    Font shape `OMS/cmr/m/n' in size <10.95> not available
(Font)              Font shape `OMS/cmsy/m/n' tried instead on input line 15.

Overfull \hbox (4.48909pt too wide) in paragraph at lines 15--16
[]\OT1/cmr/bx/n/10.95 IRI\OT1/cmr/m/n/10.95 : In-ter-na-tional Rough-ness In-de
x: the in-ter-na-tional stan-dard for road sur-face mon-i-tor-ing. 
 []


Overfull \hbox (10.74786pt too wide) in paragraph at lines 17--18
[]\OT1/cmr/bx/n/10.95 Simple Ac-cel-er-a-tion Points\OT1/cmr/m/n/10.95 : an in-
di-ca-tor able to in-ter-pret the vari-a-tion of the ac-cel-er-a-tion
 []


Package Fancyhdr Warning: \headheight is too small (12.0pt): 
 Make it at least 13.59999pt.
 We now make it that large for the rest of the document.
 This may cause the page layout to be inconsistent, however.

[2

]

LaTeX Warning: Reference `ChapterII' on page 3 undefined on input line 23.


LaTeX Warning: Reference `ChapterIII' on page 3 undefined on input line 24.


LaTeX Warning: Reference `ChapterVI' on page 3 undefined on input line 25.


LaTeX Warning: Reference `ChapterV' on page 3 undefined on input line 26.


LaTeX Warning: Reference `ChapterVI' on page 3 undefined on input line 27.


Underfull \hbox (badness 10000) in paragraph at lines 20--28

 []


Overfull \hbox (7.9448pt too wide) in paragraph at lines 20--28
\OT1/cmr/m/n/10.95 The []In-tro-duc-tion[] Chap-ter dis-cusses the main in-stru
-ments\OT1/cmr/m/n/9 ([]1.1[]) \OT1/cmr/m/n/10.95 used for the road sur-face mo
n-i-tor-ing,
 []


Underfull \hbox (badness 10000) in paragraph at lines 20--28

 []


Underfull \hbox (badness 10000) in paragraph at lines 20--28

 []


Underfull \hbox (badness 10000) in paragraph at lines 20--28

 []


Overfull \hbox (3.04425pt too wide) in paragraph at lines 20--28
\OT1/cmr/m/n/10.95 Then, Chapter[] an-a-lyzes how these data can be pro-cessed 
in or-der to get road sur-face con-di-tions,
 []


Underfull \hbox (badness 10000) in paragraph at lines 20--28

 []


Overfull \hbox (0.7935pt too wide) in paragraph at lines 20--28
\OT1/cmr/m/n/10.95 smart-phones, to how the listed-above in-dexes[]1[], whose e
lab-o-ra-tion is also ex-pli-cated, are dis-played
 []


Underfull \hbox (badness 10000) in paragraph at lines 20--28

 []


Package Fancyhdr Warning: \headheight is too small (12.0pt): 
 Make it at least 13.59999pt.
 We now make it that large for the rest of the document.
 This may cause the page layout to be inconsistent, however.

[3

]
Overfull \hbox (6.33511pt too wide) in paragraph at lines 30--31
\OT1/cmr/m/n/10.95 mea-sure the \OT1/cmr/m/it/10.95 "ef-fect"\OT1/cmr/m/n/10.95
 , pro-duced by in-ter-ac-tion vehicle-pavement, in kine-matic terms (dis-place
-ment,
 []


Overfull \hbox (11.95526pt too wide) in paragraph at lines 33--35
\OT1/cmr/m/n/10.95 mea-sures ob-tained by the RTR-RMS sys-tems are sig-nif-i-ca
ntly af-fected by the in-er-tial and me-chan-i-cal
 []


Underfull \hbox (badness 10000) in paragraph at lines 33--35

 []


Package Fancyhdr Warning: \headheight is too small (12.0pt): 
 Make it at least 13.59999pt.
 We now make it that large for the rest of the document.
 This may cause the page layout to be inconsistent, however.

[4

]
Underfull \hbox (badness 10000) in paragraph at lines 71--72

 []


Package Fancyhdr Warning: \headheight is too small (12.0pt): 
 Make it at least 13.59999pt.
 We now make it that large for the rest of the document.
 This may cause the page layout to be inconsistent, however.

[5

] <images/Walking_Profiler.jpg, id=270, 623.32875pt x 803.0pt>
File: images/Walking_Profiler.jpg Graphic file (type jpg)

<use images/Walking_Profiler.jpg>
Package pdftex.def Info: images/Walking_Profiler.jpg used on input line 110.
(pdftex.def)             Requested size: 93.49527pt x 120.4448pt.

<images/Dipstick_Profiler.png, id=271, 803.0pt x 1428.33624pt>
File: images/Dipstick_Profiler.png Graphic file (type png)

<use images/Dipstick_Profiler.png>
Package pdftex.def Info: images/Dipstick_Profiler.png used on input line 112.
(pdftex.def)             Requested size: 80.3047pt x 142.84198pt.


Package Fancyhdr Warning: \headheight is too small (12.0pt): 
 Make it at least 13.59999pt.
 We now make it that large for the rest of the document.
 This may cause the page layout to be inconsistent, however.

[6

 <./images/Walking_Profiler.jpg> <./images/Dipstick_Profiler.png>]

LaTeX Warning: Reference `ChapterII' on page 7 undefined on input line 117.


Overfull \hbox (5.50809pt too wide) in paragraph at lines 117--118
\OT1/cmr/m/n/10.95 pro-vides the rel-a-tive di-men-sion of the sen-sor over the
 road sur-face (height be-tween the pro-filome-ter
 []

<images/High_Speed_Profilometer2.jpg, id=280, 803.0pt x 552.0625pt>
File: images/High_Speed_Profilometer2.jpg Graphic file (type jpg)

<use images/High_Speed_Profilometer2.jpg>
Package pdftex.def Info: images/High_Speed_Profilometer2.jpg used on input line
 122.
(pdftex.def)             Requested size: 208.77507pt x 143.53285pt.

<images/High_Speed_Profilometer.jpg, id=281, 401.5pt x 295.1025pt>
File: images/High_Speed_Profilometer.jpg Graphic file (type jpg)

<use images/High_Speed_Profilometer.jpg>
Package pdftex.def Info: images/High_Speed_Profilometer.jpg used on input line 
124.
(pdftex.def)             Requested size: 196.73671pt x 144.60147pt.

Overfull \hbox (14.48112pt too wide) in paragraph at lines 141--142
\OT1/cmr/m/n/10.95 The op-er-at-ing prin-ci-ple of a laser pro-filome-ter is ba
sed on the op-ti-cal prin-ci-ple of tri-an-gu-la-tion:
 []


Overfull \hbox (35.325pt too wide) in paragraph at lines 141--142
\OT1/cmr/m/n/10.95 trans-mit-ted through a lens to the trans-ducer (sen-si-tive
 photo semi-con-duc-tor) [[]]. 
 []


Package Fancyhdr Warning: \headheight is too small (12.0pt): 
 Make it at least 13.59999pt.
 We now make it that large for the rest of the document.
 This may cause the page layout to be inconsistent, however.

[7

 <./images/High_Speed_Profilometer2.jpg> <./images/High_Speed_Profilometer.jpg>
]
Overfull \hbox (9.21948pt too wide) in paragraph at lines 144--145
[]\OT1/cmr/m/n/10.95 Equipped with a mo-bile electro-acoustic sen-sor that emit
s and re-ceives
 []


Package Fancyhdr Warning: \headheight is too small (12.0pt): 
 Make it at least 13.59999pt.
 We now make it that large for the rest of the document.
 This may cause the page layout to be inconsistent, however.

[8])

Package Fancyhdr Warning: \headheight is too small (12.0pt): 
 Make it at least 13.59999pt.
 We now make it that large for the rest of the document.
 This may cause the page layout to be inconsistent, however.

[9

]
\openout2 = `Chapters/Chapter2.aux'.

 (Chapters/Chapter2.tex [10



]
Chapter 2.

Overfull \hbox (1.06604pt too wide) in paragraph at lines 5--7
\OT1/cmr/m/n/10.95 The In-ter-na-tional Rough-ness In-dex (IRI) [[]17[]], was i
n-tro-duced in 1986 by The World Bank.[[]17[]][[]20[]] 
 []

<images/iri_scale.jpg, id=325, 492.94162pt x 287.27325pt>
File: images/iri_scale.jpg Graphic file (type jpg)

<use images/iri_scale.jpg>
Package pdftex.def Info: images/iri_scale.jpg used on input line 15.
(pdftex.def)             Requested size: 492.94041pt x 287.27255pt.

Overfull \hbox (37.6963pt too wide) in paragraph at lines 15--17
[][] 
 []


Underfull \hbox (badness 10000) in paragraph at lines 9--20

 []


Underfull \hbox (badness 10000) in paragraph at lines 9--20

 []


Overfull \hbox (5.4675pt too wide) in paragraph at lines 9--20
\OT1/cmr/m/n/10.95 was able to pro-duce sig-nif-i-cant mea-sure-ments[[]20[]] o
f road rough-ness. Thus, all those method-olo-gies
 []

[11]

Package Fancyhdr Warning: \headheight is too small (12.0pt): 
 Make it at least 13.59999pt.
 We now make it that large for the rest of the document.
 This may cause the page layout to be inconsistent, however.

[12 <./images/iri_scale.jpg>]
Overfull \hbox (15.91061pt too wide) in paragraph at lines 23--30
\OT1/cmr/m/n/10.95 The rough-ness mea-sure-ment is dif-fi-cult and com-plex be-
cause it de-pends on the ve-hi-cle char-ac-ter-is-tics
 []


Underfull \hbox (badness 10000) in paragraph at lines 23--30

 []


Overfull \hbox (4.32187pt too wide) in paragraph at lines 32--33
\OT1/cmr/m/n/10.95 The most com-mon mea-sure-ments are done with Class 1 in-str
u-ments, ca-pa-ble of di-rectly mea-sur-ing
 []


Underfull \vbox (badness 10000) has occurred while \output is active []



Package Fancyhdr Warning: \headheight is too small (12.0pt): 
 Make it at least 13.59999pt.
 We now make it that large for the rest of the document.
 This may cause the page layout to be inconsistent, however.

[13

]
Overfull \hbox (11.24675pt too wide) in paragraph at lines 41--42
\OT1/cmr/m/n/10.95 in-ter-act and are non-lin-ear. Their ef-fect can change wit
h rough-ness, sur-face type, tem-per-a-ture,
 []


Overfull \hbox (3.59189pt too wide) in paragraph at lines 44--46
\OT1/cmr/m/n/10.95 the pro-file di-rec-tion, in-de-pen-dent of speed, and IQL-3
 sys-tems typ-i-cally have cor-re-la-tion equa-tions
 []

Missing character: There is no  in font cmti10!
Missing character: There is no  in font cmti10!
Missing character: There is no  in font cmti10!
Missing character: There is no  in font cmti10!
Missing character: There is no  in font cmti10!
Missing character: There is no  in font cmti10!
Missing character: There is no  in font cmr10!
Missing character: There is no  in font cmr10!
Missing character: There is no  in font cmr10!
Missing character: There is no  in font cmr10!
Missing character: There is no  in font cmr10!
Missing character: There is no  in font cmr10!

Package caption Warning: \label without proper reference on input line 93.
See the caption package documentation for explanation.


LaTeX Warning: Reference `table:iql_detail' on page 14 undefined on input line 
52.

Missing character: There is no  in font cmr10!
Missing character: There is no  in font cmr10!
Missing character: There is no  in font cmr10!
Missing character: There is no  in font cmr10!
Missing character: There is no  in font cmr10!
Missing character: There is no  in font cmr10!
Missing character: There is no  in font cmr10!
Missing character: There is no  in font cmr10!
Missing character: There is no  in font cmr10!
Missing character: There is no  in font cmr10!
Missing character: There is no  in font cmr10!
Missing character: There is no  in font cmr10!
Missing character: There is no  in font cmr10!
Missing character: There is no  in font cmr10!
Missing character: There is no  in font cmr10!
Missing character: There is no  in font cmr10!
Missing character: There is no  in font cmr10!
Missing character: There is no  in font cmr10!
Missing character: There is no  in font cmr10!
Missing character: There is no  in font cmr10!
Missing character: There is no  in font cmr10!
Missing character: There is no  in font cmr10!
Missing character: There is no  in font cmr10!
Missing character: There is no  in font cmr10!

Underfull \hbox (badness 10000) in paragraph at lines 48--63

 []


Underfull \hbox (badness 10000) in paragraph at lines 48--63

 []


Package Fancyhdr Warning: \headheight is too small (12.0pt): 
 Make it at least 13.59999pt.
 We now make it that large for the rest of the document.
 This may cause the page layout to be inconsistent, however.

[14] <images/iql.jpg, id=367, 474.27188pt x 298.11375pt>
File: images/iql.jpg Graphic file (type jpg)
 <use images/iql.jpg>
Package pdftex.def Info: images/iql.jpg used on input line 67.
(pdftex.def)             Requested size: 331.98805pt x 208.67819pt.


Package Fancyhdr Warning: \headheight is too small (12.0pt): 
 Make it at least 13.59999pt.
 We now make it that large for the rest of the document.
 This may cause the page layout to be inconsistent, however.

[15 <./images/iql.jpg>]
Overfull \hbox (17.14754pt too wide) in paragraph at lines 77--81
\OT1/cmr/m/n/10.95 un-der-stand with-out much tech-ni-cal back-ground. At the p
roject-level, how-ever, the ap-pro-pri-ate
 []


Package Fancyhdr Warning: \headheight is too small (12.0pt): 
 Make it at least 13.59999pt.
 We now make it that large for the rest of the document.
 This may cause the page layout to be inconsistent, however.

[16

]
Overfull \hbox (18.55583pt too wide) in paragraph at lines 95--140
 [][] 
 []


Package Fancyhdr Warning: \headheight is too small (12.0pt): 
 Make it at least 13.59999pt.
 We now make it that large for the rest of the document.
 This may cause the page layout to be inconsistent, however.

[17

] <images/quarter_car_model.png, id=385, 500.16862pt x 276.13162pt>
File: images/quarter_car_model.png Graphic file (type png)

<use images/quarter_car_model.png>
Package pdftex.def Info: images/quarter_car_model.png used on input line 150.
(pdftex.def)             Requested size: 500.16739pt x 276.13094pt.

Overfull \hbox (44.92328pt too wide) in paragraph at lines 150--151
 [][] 
 []


Underfull \hbox (badness 10000) in paragraph at lines 178--188

 []


Package Fancyhdr Warning: \headheight is too small (12.0pt): 
 Make it at least 13.59999pt.
 We now make it that large for the rest of the document.
 This may cause the page layout to be inconsistent, however.

[18

 <./images/quarter_car_model.png>]

Package Fancyhdr Warning: \headheight is too small (12.0pt): 
 Make it at least 13.59999pt.
 We now make it that large for the rest of the document.
 This may cause the page layout to be inconsistent, however.

[19]
Underfull \hbox (badness 10000) in paragraph at lines 237--238

 []


Underfull \hbox (badness 10000) in paragraph at lines 247--250

 []

)

Package Fancyhdr Warning: \headheight is too small (12.0pt): 
 Make it at least 13.59999pt.
 We now make it that large for the rest of the document.
 This may cause the page layout to be inconsistent, however.

[20]
\openout2 = `Chapters/Chapter3.aux'.

 (Chapters/Chapter3.tex
Chapter 3.
Missing character: There is no  in font cmr10!
Missing character: There is no  in font cmr10!
Missing character: There is no  in font cmr10!

Overfull \hbox (3.66577pt too wide) in paragraph at lines 6--11
\OT1/cmr/m/it/10.95 The sec-ond law, de-fines that this force ex-erted on the m
ass will pro-duce a pro-por-tional ac-cel-er-a-tion. 
 []

[21



] <images/imusensor.jpg, id=416, 351.3125pt x 349.305pt>
File: images/imusensor.jpg Graphic file (type jpg)

<use images/imusensor.jpg>
Package pdftex.def Info: images/imusensor.jpg used on input line 26.
(pdftex.def)             Requested size: 263.48372pt x 261.9781pt.


Package Fancyhdr Warning: \headheight is too small (12.0pt): 
 Make it at least 13.59999pt.
 We now make it that large for the rest of the document.
 This may cause the page layout to be inconsistent, however.

[22 <./images/imusensor.jpg>]
<images/yawpitchroll.jpg, id=424, 702.625pt x 462.72874pt>
File: images/yawpitchroll.jpg Graphic file (type jpg)

<use images/yawpitchroll.jpg>
Package pdftex.def Info: images/yawpitchroll.jpg used on input line 39.
(pdftex.def)             Requested size: 351.31163pt x 231.3638pt.


Package Fancyhdr Warning: \headheight is too small (12.0pt): 
 Make it at least 13.59999pt.
 We now make it that large for the rest of the document.
 This may cause the page layout to be inconsistent, however.

[23

 <./images/yawpitchroll.jpg>]

Package caption Warning: \label without proper reference on input line 38.
See the caption package documentation for explanation.


LaTeX Warning: Reference `fig:Yaw Roll Pitch Frame of car' on page 24 undefined
 on input line 47.


Overfull \hbox (2.01022pt too wide) in paragraph at lines 47--50
\OT1/cmr/m/n/10.95 com-mer-cial ve-hi-cles for real-time mon-i-tor-ing, and for
 geode-tic nav-i-ga-tion through post-processing
 []


Underfull \hbox (badness 10000) in paragraph at lines 47--50

 []


Package Fancyhdr Warning: \headheight is too small (12.0pt): 
 Make it at least 13.59999pt.
 We now make it that large for the rest of the document.
 This may cause the page layout to be inconsistent, however.

[24

]
Underfull \hbox (badness 10000) in paragraph at lines 55--57

 []


Underfull \hbox (badness 10000) in paragraph at lines 55--57

 []


Overfull \hbox (2.37393pt too wide) in paragraph at lines 61--62
\OT1/cmr/m/n/10.95 The main sen-sors of IMU sys-tem as we have dis-cusses in th
e in-tro-duc-tion[]3.1[] are the Ac-celerom-e-ter
 []


Package Fancyhdr Warning: \headheight is too small (12.0pt): 
 Make it at least 13.59999pt.
 We now make it that large for the rest of the document.
 This may cause the page layout to be inconsistent, however.

[25

]
Underfull \hbox (badness 10000) in paragraph at lines 76--77

 []


Underfull \hbox (badness 10000) in paragraph at lines 76--77

 []


Underfull \hbox (badness 10000) in paragraph at lines 78--80

 []


Overfull \hbox (10.1518pt too wide) in paragraph at lines 82--83
\OT1/cmr/m/n/10.95 air tem-per-a-ture and pres-sure, il-lu-mi-na-tion, and hu-m
id-ity. This cat-e-gory in-cludes barom-e-ters,
 []


Package Fancyhdr Warning: \headheight is too small (12.0pt): 
 Make it at least 13.59999pt.
 We now make it that large for the rest of the document.
 This may cause the page layout to be inconsistent, however.

[26] <images/sm_motherboard.jpg, id=462, 811.03pt x 527.9725pt>
File: images/sm_motherboard.jpg Graphic file (type jpg)

<use images/sm_motherboard.jpg>
Package pdftex.def Info: images/sm_motherboard.jpg used on input line 89.
(pdftex.def)             Requested size: 405.514pt x 263.9856pt.

<images/smartphone-accelerometer.png, id=465, 376.40625pt x 253.69781pt>
File: images/smartphone-accelerometer.png Graphic file (type png)

<use images/smartphone-accelerometer.png>
Package pdftex.def Info: images/smartphone-accelerometer.png used on input line
 104.
(pdftex.def)             Requested size: 282.30399pt x 190.27289pt.

Underfull \hbox (badness 10000) in paragraph at lines 95--108

 []


Package Fancyhdr Warning: \headheight is too small (12.0pt): 
 Make it at least 13.59999pt.
 We now make it that large for the rest of the document.
 This may cause the page layout to be inconsistent, however.

[27 <./images/sm_motherboard.jpg>]

Package Fancyhdr Warning: \headheight is too small (12.0pt): 
 Make it at least 13.59999pt.
 We now make it that large for the rest of the document.
 This may cause the page layout to be inconsistent, however.

[28 <./images/smartphone-accelerometer.png>]
Underfull \hbox (badness 10000) in paragraph at lines 109--116

 []

<images/Gyroscope-smartphone.jpg, id=478, 501.875pt x 222.8325pt>
File: images/Gyroscope-smartphone.jpg Graphic file (type jpg)

<use images/Gyroscope-smartphone.jpg>
Package pdftex.def Info: images/Gyroscope-smartphone.jpg used on input line 121
.
(pdftex.def)             Requested size: 376.40532pt x 167.12396pt.


Package Fancyhdr Warning: \headheight is too small (12.0pt): 
 Make it at least 13.59999pt.
 We now make it that large for the rest of the document.
 This may cause the page layout to be inconsistent, however.

[29

 <./images/Gyroscope-smartphone.jpg>]
Underfull \hbox (badness 10000) in paragraph at lines 126--129

 []

<images/Triangulation.png, id=485, 355.3275pt x 219.06844pt>
File: images/Triangulation.png Graphic file (type png)

<use images/Triangulation.png>
Package pdftex.def Info: images/Triangulation.png used on input line 154.
(pdftex.def)             Requested size: 355.32661pt x 219.06789pt.

Underfull \hbox (badness 10000) in paragraph at lines 148--159

 []


Package Fancyhdr Warning: \headheight is too small (12.0pt): 
 Make it at least 13.59999pt.
 We now make it that large for the rest of the document.
 This may cause the page layout to be inconsistent, however.

[30

]

Package Fancyhdr Warning: \headheight is too small (12.0pt): 
 Make it at least 13.59999pt.
 We now make it that large for the rest of the document.
 This may cause the page layout to be inconsistent, however.

[31 <./images/Triangulation.png>]
Underfull \hbox (badness 10000) in paragraph at lines 173--175

 []


Package Fancyhdr Warning: \headheight is too small (12.0pt): 
 Make it at least 13.59999pt.
 We now make it that large for the rest of the document.
 This may cause the page layout to be inconsistent, however.

[32

]
Overfull \hbox (4.1078pt too wide) in paragraph at lines 187--192
\OT1/cmr/m/n/10.95 The ma-jor dis-ad-van-tage of us-ing IMU for nav-i-ga-tion i
s that they typ-i-cally suf-fer from ac-cu-mu-lated
 []

Missing character: There is no  in font cmr10!
Missing character: There is no  in font cmr10!
Missing character: There is no  in font cmr10!
Missing character: There is no  in font cmr10!
Missing character: There is no  in font cmr10!
Missing character: There is no  in font cmr10!
)

Package Fancyhdr Warning: \headheight is too small (12.0pt): 
 Make it at least 13.59999pt.
 We now make it that large for the rest of the document.
 This may cause the page layout to be inconsistent, however.

[33

]
\openout2 = `Chapters/Chapter4.aux'.

 (Chapters/Chapter4.tex [34



]
Chapter 4.

LaTeX Warning: Reference `C3-Inertial Measurement Unit' on page 35 undefined on
 input line 8.


LaTeX Warning: Reference `C3-Error' on page 35 undefined on input line 8.


LaTeX Warning: Reference `C3-Error' on page 35 undefined on input line 8.


LaTeX Warning: Reference `C3-Error' on page 35 undefined on input line 8.


LaTeX Warning: Reference `C3-Error' on page 35 undefined on input line 9.


Underfull \hbox (badness 10000) in paragraph at lines 8--10

 []


Underfull \hbox (badness 10000) in paragraph at lines 12--18

 []


Underfull \hbox (badness 10000) in paragraph at lines 12--18

 []


Underfull \hbox (badness 10000) in paragraph at lines 12--18

 []

[35]

LaTeX Font Warning: Command \large invalid in math mode on input line 30.


LaTeX Font Warning: Command \large invalid in math mode on input line 50.


Package Fancyhdr Warning: \headheight is too small (12.0pt): 
 Make it at least 13.59999pt.
 We now make it that large for the rest of the document.
 This may cause the page layout to be inconsistent, however.

[36]
Overfull \hbox (5.40678pt too wide) in paragraph at lines 77--79
\OT1/cmr/m/n/10.95 with this method than the rect-an-gu-lar method. The dif-fer
-ence equa-tion for trape-zoidal in-te-gra-tion
 []

<images/RectangularInte.jpg, id=530, 337.86224pt x 255.65512pt>
File: images/RectangularInte.jpg Graphic file (type jpg)

<use images/RectangularInte.jpg>
Package pdftex.def Info: images/RectangularInte.jpg used on input line 89.
(pdftex.def)             Requested size: 185.8248pt x 140.61073pt.

<images/TrapezoidalIntegration.jpg, id=531, 343.2825pt x 249.63263pt>
File: images/TrapezoidalIntegration.jpg Graphic file (type jpg)

<use images/TrapezoidalIntegration.jpg>
Package pdftex.def Info: images/TrapezoidalIntegration.jpg used on input line 9
1.
(pdftex.def)             Requested size: 188.80594pt x 137.29837pt.

<images/RawAccelerometer.jpg, id=532, 3854.4pt x 1895.08pt>
File: images/RawAccelerometer.jpg Graphic file (type jpg)

<use images/RawAccelerometer.jpg>
Package pdftex.def Info: images/RawAccelerometer.jpg used on input line 101.
(pdftex.def)             Requested size: 423.98532pt x 208.45944pt.

<images/VelocityIntegration.jpg, id=533, 3854.4pt x 1895.08pt>
File: images/VelocityIntegration.jpg Graphic file (type jpg)

<use images/VelocityIntegration.jpg>
Package pdftex.def Info: images/VelocityIntegration.jpg used on input line 103.

(pdftex.def)             Requested size: 423.98532pt x 208.45944pt.

<images/DisplacementIntegration.jpg, id=534, 3854.4pt x 1895.08pt>
File: images/DisplacementIntegration.jpg Graphic file (type jpg)

<use images/DisplacementIntegration.jpg>
Package pdftex.def Info: images/DisplacementIntegration.jpg used on input line 
105.
(pdftex.def)             Requested size: 423.98532pt x 208.45944pt.


LaTeX Warning: Float too large for page by 8.04243pt on input line 108.


Package Fancyhdr Warning: \headheight is too small (12.0pt): 
 Make it at least 13.59999pt.
 We now make it that large for the rest of the document.
 This may cause the page layout to be inconsistent, however.

[37 <./images/RectangularInte.jpg> <./images/TrapezoidalIntegration.jpg>]

Package Fancyhdr Warning: \headheight is too small (12.0pt): 
 Make it at least 13.59999pt.
 We now make it that large for the rest of the document.
 This may cause the page layout to be inconsistent, however.

[38 <./images/RawAccelerometer.jpg> <./images/VelocityIntegration.jpg> <./image
s/DisplacementIntegration.jpg>]
<images/phonecarorientation.png, id=547, 540.0175pt x 236.885pt>
File: images/phonecarorientation.png Graphic file (type png)

<use images/phonecarorientation.png>
Package pdftex.def Info: images/phonecarorientation.png used on input line 119.

(pdftex.def)             Requested size: 378.00966pt x 165.81836pt.

Underfull \hbox (badness 10000) in paragraph at lines 128--131

 []


Package Fancyhdr Warning: \headheight is too small (12.0pt): 
 Make it at least 13.59999pt.
 We now make it that large for the rest of the document.
 This may cause the page layout to be inconsistent, however.

[39

 <./images/phonecarorientation.png>]
<images/raw.jpg, id=560, 3854.4pt x 1895.08pt>
File: images/raw.jpg Graphic file (type jpg)
 <use images/raw.jpg>
Package pdftex.def Info: images/raw.jpg used on input line 145.
(pdftex.def)             Requested size: 423.98532pt x 208.45944pt.

<images/reoriented.jpg, id=561, 3854.4pt x 1895.08pt>
File: images/reoriented.jpg Graphic file (type jpg)

<use images/reoriented.jpg>
Package pdftex.def Info: images/reoriented.jpg used on input line 147.
(pdftex.def)             Requested size: 423.98532pt x 208.45944pt.
)

Package Fancyhdr Warning: \headheight is too small (12.0pt): 
 Make it at least 13.59999pt.
 We now make it that large for the rest of the document.
 This may cause the page layout to be inconsistent, however.

[40 <./images/raw.jpg> <./images/reoriented.jpg>] [41

]

Package Fancyhdr Warning: \headheight is too small (12.0pt): 
 Make it at least 13.59999pt.
 We now make it that large for the rest of the document.
 This may cause the page layout to be inconsistent, however.

[42

]
Overfull \hbox (0.34462pt too wide) in paragraph at lines 110--110
[]\OT1/cmr/m/n/10.95 Christopher R Ben-nett and William DO Pa-ter-son. ``A guid
e to cal-i-bra-tion and adap-ta-tion''.
 []


Overfull \hbox (3.30833pt too wide) in paragraph at lines 110--110
[]\OT1/cmr/m/n/10.95 James Diebel. ``Rep-re-sent-ing at-ti-tude: Eu-ler an-gles
, unit quater-nions, and ro-ta-tion vec-tors''.
 []

[43]
Overfull \hbox (4.35532pt too wide) in paragraph at lines 110--110
[]\OT1/cmr/m/n/10.95 W. Pa-ter-son and T. Scul-lion. ``In-for-ma-tion Sys-tems 
for Road Man-age-ment: Draft Guide-lines
 []


Overfull \hbox (12.58725pt too wide) in paragraph at lines 110--110
[]\OT1/cmr/m/n/10.95 Michael W Say-ers. ``Guide-lines for con-duct-ing and cal-
i-brat-ing road rough-ness mea-sure-ments''.
 []


Overfull \hbox (5.32497pt too wide) in paragraph at lines 110--110
[]\OT1/cmr/m/n/10.95 MW Say-ers, TD Gille-spie, and CAV Queiroz. ``The in-ter-n
a-tional road rough-ness ex-per-i-ment:
 []


Overfull \hbox (10.88635pt too wide) in paragraph at lines 110--110
\OT1/cmr/m/n/10.95 a ba-sis for es-tab-lish-ing a stan-dard scale for road roug
h-ness mea-sure-ments''. In: \OT1/cmr/m/it/10.95 Trans-porta-tion
 []

Package atveryend Info: Empty hook `BeforeClearDocument' on input line 110.

Package Fancyhdr Warning: \headheight is too small (12.0pt): 
 Make it at least 13.59999pt.
 We now make it that large for the rest of the document.
 This may cause the page layout to be inconsistent, however.

[44]
Package atveryend Info: Empty hook `AfterLastShipout' on input line 110.
 (tesi.aux (Sections/Abstract/Abstract_EN.aux)
(Sections/Abstract/Abstract_IT.aux) (Chapters/Chapter1.aux)
(Chapters/Chapter2.aux) (Chapters/Chapter3.aux) (Chapters/Chapter4.aux))
Package atveryend Info: Executing hook `AtVeryEndDocument' on input line 110.
Package atveryend Info: Executing hook `AtEndAfterFileList' on input line 110.
Package rerunfilecheck Info: File `tesi.out' has not changed.
(rerunfilecheck)             Checksum: 64411C30F84B87A627A1252AF6B7D96C;1484.


LaTeX Warning: There were undefined references.


LaTeX Warning: There were multiply-defined labels.

Package logreq Info: Writing requests to 'tesi.run.xml'.
\openout1 = `tesi.run.xml'.

Package atveryend Info: Empty hook `AtVeryVeryEnd' on input line 110.
 ) 
Here is how much of TeX's memory you used:
 28094 strings out of 493323
 527265 string characters out of 3139058
 963904 words of memory out of 3000000
 31077 multiletter control sequences out of 15000+200000
 548641 words of font info for 82 fonts, out of 3000000 for 9000
 1141 hyphenation exceptions out of 8191
 67i,15n,102p,10387b,1686s stack positions out of 5000i,500n,10000p,200000b,50000s
{C:/Program Files/MiKTeX 2.9/fonts/enc/dvips/base/8r.enc}<C:/Program Files/Mi
KTeX 2.9/fonts/type1/public/amsfonts/cm/cmbx10.pfb><C:/Program Files/MiKTeX 2.9
/fonts/type1/public/amsfonts/cm/cmbx12.pfb><C:/Program Files/MiKTeX 2.9/fonts/t
ype1/public/amsfonts/cm/cmbxti10.pfb><C:/Program Files/MiKTeX 2.9/fonts/type1/p
ublic/amsfonts/cm/cmcsc10.pfb><C:/Program Files/MiKTeX 2.9/fonts/type1/public/a
msfonts/cm/cmex10.pfb><C:/Program Files/MiKTeX 2.9/fonts/type1/public/amsfonts/
cm/cmmi10.pfb><C:/Program Files/MiKTeX 2.9/fonts/type1/public/amsfonts/cm/cmmi1
2.pfb><C:/Program Files/MiKTeX 2.9/fonts/type1/public/amsfonts/cm/cmmi6.pfb><C:
/Program Files/MiKTeX 2.9/fonts/type1/public/amsfonts/cm/cmmi8.pfb><C:/Program 
Files/MiKTeX 2.9/fonts/type1/public/amsfonts/cm/cmr10.pfb><C:/Program Files/MiK
TeX 2.9/fonts/type1/public/amsfonts/cm/cmr12.pfb><C:/Program Files/MiKTeX 2.9/f
onts/type1/public/amsfonts/cm/cmr17.pfb><C:/Program Files/MiKTeX 2.9/fonts/type
1/public/amsfonts/cm/cmr6.pfb><C:/Program Files/MiKTeX 2.9/fonts/type1/public/a
msfonts/cm/cmr8.pfb><C:/Program Files/MiKTeX 2.9/fonts/type1/public/amsfonts/cm
/cmr9.pfb><C:/Program Files/MiKTeX 2.9/fonts/type1/public/amsfonts/cm/cmsl10.pf
b><C:/Program Files/MiKTeX 2.9/fonts/type1/public/amsfonts/cm/cmsy10.pfb><C:/Pr
ogram Files/MiKTeX 2.9/fonts/type1/public/amsfonts/cm/cmsy8.pfb><C:/Program Fil
es/MiKTeX 2.9/fonts/type1/public/amsfonts/cm/cmti10.pfb><C:/Program Files/MiKTe
X 2.9/fonts/type1/public/amsfonts/cm/cmtt10.pfb><C:/Program Files/MiKTeX 2.9/fo
nts/type1/public/eurosym/feymr10.pfb><C:/Program Files/MiKTeX 2.9/fonts/type1/u
rw/ncntrsbk/uncb8a.pfb>
Output written on tesi.pdf (54 pages, 3951052 bytes).
PDF statistics:
 702 PDF objects out of 1000 (max. 8388607)
 170 named destinations out of 1000 (max. 500000)
 295 words of extra memory for PDF output out of 10000 (max. 10000000)

