\BOOKMARK [1][-]{section*.5}{Abstract}{}% 1
\BOOKMARK [0][-]{chapter.1}{Introduction}{}% 2
\BOOKMARK [1][-]{section.1.1}{Road surface monitoring instruments}{chapter.1}% 3
\BOOKMARK [2][-]{subsection.1.1.1}{Profilometer}{section.1.1}% 4
\BOOKMARK [1][-]{section.1.2}{Motivation}{chapter.1}% 5
\BOOKMARK [0][-]{chapter.2}{International Roughness Index}{}% 6
\BOOKMARK [1][-]{section.2.1}{History}{chapter.2}% 7
\BOOKMARK [1][-]{section.2.2}{Definition}{chapter.2}% 8
\BOOKMARK [1][-]{section.2.3}{Measurement}{chapter.2}% 9
\BOOKMARK [2][-]{subsection.2.3.1}{Motivation of Correlation Equations}{section.2.3}% 10
\BOOKMARK [2][-]{subsection.2.3.2}{Information Quality Level}{section.2.3}% 11
\BOOKMARK [2][-]{subsection.2.3.3}{Quarter Car Model}{section.2.3}% 12
\BOOKMARK [1][-]{section.2.4}{Calculation of IRI}{chapter.2}% 13
\BOOKMARK [0][-]{chapter.3}{Inertial Measurement Unit}{}% 14
\BOOKMARK [1][-]{section.3.1}{Operational Principles}{chapter.3}% 15
\BOOKMARK [2][-]{subsection.3.1.1}{Uses}{section.3.1}% 16
\BOOKMARK [1][-]{section.3.2}{Inertial Navigation System}{chapter.3}% 17
\BOOKMARK [2][-]{subsection.3.2.1}{Principal Sensors}{section.3.2}% 18
\BOOKMARK [1][-]{section.3.3}{Smartphone Sensors}{chapter.3}% 19
\BOOKMARK [1][-]{section.3.4}{Error}{chapter.3}% 20
\BOOKMARK [0][-]{chapter.4}{Data Analysis}{}% 21
\BOOKMARK [1][-]{section.4.1}{Accelerometer Reorientation}{chapter.4}% 22
\BOOKMARK [1][-]{section*.38}{Acknowledgments}{chapter.4}% 23
